<?xml version="1.0" encoding="UTF-8"?>
<!-- Generated by org.testng.reporters.JUnitXMLReporter -->
<testsuite ignored="0" hostname="DESKTOP-21DTESI" failures="0" tests="6" name="Open Cart Account Page Test" time="30.255" errors="0" timestamp="20 Mar 2024 20:06:23 GMT">
  <testcase classname="com.qa.opencart.tests.AccountPageTest" name="accountPageNavigationTest" time="2.048"/>
  <testcase classname="com.qa.opencart.tests.AccountPageTest" name="verifyAddProductToCartTest" time="1.694"/>
  <testcase classname="com.qa.opencart.tests.AccountPageTest" name="verifyRemoveProductFromCart" time="3.025"/>
  <testcase classname="com.qa.opencart.tests.AccountPageTest" name="verifyEditAccountInformation" time="4.792"/>
  <testcase classname="com.qa.opencart.tests.AccountPageTest" name="verifyAddNewAddress" time="2.865"/>
  <testcase classname="com.qa.opencart.tests.AccountPageTest" name="verifyDeleteAddress" time="4.276"/>
</testsuite> <!-- Open Cart Account Page Test -->
