<?xml version="1.0" encoding="UTF-8"?>
<!-- Generated by org.testng.reporters.JUnitXMLReporter -->
<testsuite ignored="0" hostname="DESKTOP-21DTESI" failures="0" tests="3" name="Open Cart Home Page Test" time="12.798" errors="0" timestamp="20 Mar 2024 20:06:06 GMT">
  <testcase classname="com.qa.opencart.tests.HomePageTest" name="homePageTitleTest" time="0.026"/>
  <testcase classname="com.qa.opencart.tests.HomePageTest" name="homePageURLTest" time="0.0"/>
  <testcase classname="com.qa.opencart.tests.HomePageTest" name="searchTest" time="1.063"/>
</testsuite> <!-- Open Cart Home Page Test -->
