<?xml version="1.0" encoding="UTF-8"?>
<testng-results ignored="0" total="12" passed="12" failed="0" skipped="0">
  <reporter-output>
  </reporter-output>
  <suite started-at="2024-03-20T20:05:53Z" name="Open Cart Test Regression" finished-at="2024-03-20T20:06:23Z" duration-ms="30255">
    <groups>
    </groups>
    <test started-at="2024-03-20T20:05:53Z" name="Open Cart Home Page Test" finished-at="2024-03-20T20:06:06Z" duration-ms="12798">
      <class name="com.qa.opencart.tests.HomePageTest">
        <test-method is-config="true" signature="setup()[pri:0, instance:com.qa.opencart.tests.HomePageTest@5403f35f]" started-at="2024-03-20T20:05:53Z" name="setup" finished-at="2024-03-20T20:06:04Z" duration-ms="11097" status="PASS">
          <reporter-output>
          </reporter-output>
        </test-method> <!-- setup -->
        <test-method signature="homePageTitleTest()[pri:0, instance:com.qa.opencart.tests.HomePageTest@5403f35f]" started-at="2024-03-20T20:06:04Z" name="homePageTitleTest" finished-at="2024-03-20T20:06:04Z" duration-ms="26" status="PASS">
          <reporter-output>
          </reporter-output>
        </test-method> <!-- homePageTitleTest -->
        <test-method signature="homePageURLTest()[pri:0, instance:com.qa.opencart.tests.HomePageTest@5403f35f]" started-at="2024-03-20T20:06:04Z" name="homePageURLTest" finished-at="2024-03-20T20:06:04Z" duration-ms="0" status="PASS">
          <reporter-output>
          </reporter-output>
        </test-method> <!-- homePageURLTest -->
        <test-method signature="searchTest()[pri:0, instance:com.qa.opencart.tests.HomePageTest@5403f35f]" started-at="2024-03-20T20:06:04Z" name="searchTest" finished-at="2024-03-20T20:06:05Z" duration-ms="1063" status="PASS">
          <reporter-output>
          </reporter-output>
        </test-method> <!-- searchTest -->
        <test-method is-config="true" signature="tearDown()[pri:0, instance:com.qa.opencart.tests.HomePageTest@5403f35f]" started-at="2024-03-20T20:06:05Z" name="tearDown" finished-at="2024-03-20T20:06:06Z" duration-ms="427" status="PASS">
          <reporter-output>
          </reporter-output>
        </test-method> <!-- tearDown -->
      </class> <!-- com.qa.opencart.tests.HomePageTest -->
    </test> <!-- Open Cart Home Page Test -->
    <test started-at="2024-03-20T20:05:53Z" name="Open Cart Login Page Test" finished-at="2024-03-20T20:06:06Z" duration-ms="13482">
      <class name="com.qa.opencart.tests.LoginPageTest">
        <test-method is-config="true" signature="setup()[pri:0, instance:com.qa.opencart.tests.LoginPageTest@169e6180]" started-at="2024-03-20T20:05:53Z" name="setup" finished-at="2024-03-20T20:06:04Z" duration-ms="11087" status="PASS">
          <reporter-output>
          </reporter-output>
        </test-method> <!-- setup -->
        <test-method signature="loginPageNavigationTest()[pri:1, instance:com.qa.opencart.tests.LoginPageTest@169e6180]" started-at="2024-03-20T20:06:04Z" name="loginPageNavigationTest" finished-at="2024-03-20T20:06:05Z" duration-ms="683" status="PASS">
          <reporter-output>
          </reporter-output>
        </test-method> <!-- loginPageNavigationTest -->
        <test-method signature="forgotPwdLinkExistTest()[pri:2, instance:com.qa.opencart.tests.LoginPageTest@169e6180]" started-at="2024-03-20T20:06:05Z" name="forgotPwdLinkExistTest" finished-at="2024-03-20T20:06:05Z" duration-ms="218" status="PASS">
          <reporter-output>
          </reporter-output>
        </test-method> <!-- forgotPwdLinkExistTest -->
        <test-method signature="appLoginTest()[pri:3, instance:com.qa.opencart.tests.LoginPageTest@169e6180]" started-at="2024-03-20T20:06:05Z" name="appLoginTest" finished-at="2024-03-20T20:06:06Z" duration-ms="1072" status="PASS">
          <reporter-output>
          </reporter-output>
        </test-method> <!-- appLoginTest -->
        <test-method is-config="true" signature="tearDown()[pri:0, instance:com.qa.opencart.tests.LoginPageTest@169e6180]" started-at="2024-03-20T20:06:06Z" name="tearDown" finished-at="2024-03-20T20:06:06Z" duration-ms="283" status="PASS">
          <reporter-output>
          </reporter-output>
        </test-method> <!-- tearDown -->
      </class> <!-- com.qa.opencart.tests.LoginPageTest -->
    </test> <!-- Open Cart Login Page Test -->
    <test started-at="2024-03-20T20:05:53Z" name="Open Cart Account Page Test" finished-at="2024-03-20T20:06:23Z" duration-ms="30255">
      <class name="com.qa.opencart.tests.AccountPageTest">
        <test-method is-config="true" signature="setup()[pri:0, instance:com.qa.opencart.tests.AccountPageTest@7e7be63f]" started-at="2024-03-20T20:05:53Z" name="setup" finished-at="2024-03-20T20:06:04Z" duration-ms="11199" status="PASS">
          <reporter-output>
          </reporter-output>
        </test-method> <!-- setup -->
        <test-method signature="accountPageNavigationTest()[pri:1, instance:com.qa.opencart.tests.AccountPageTest@7e7be63f]" started-at="2024-03-20T20:06:04Z" name="accountPageNavigationTest" finished-at="2024-03-20T20:06:06Z" duration-ms="2048" status="PASS">
          <reporter-output>
          </reporter-output>
        </test-method> <!-- accountPageNavigationTest -->
        <test-method signature="verifyAddProductToCartTest()[pri:2, instance:com.qa.opencart.tests.AccountPageTest@7e7be63f]" started-at="2024-03-20T20:06:06Z" name="verifyAddProductToCartTest" finished-at="2024-03-20T20:06:08Z" duration-ms="1694" status="PASS">
          <reporter-output>
          </reporter-output>
        </test-method> <!-- verifyAddProductToCartTest -->
        <test-method signature="verifyRemoveProductFromCart()[pri:3, instance:com.qa.opencart.tests.AccountPageTest@7e7be63f]" started-at="2024-03-20T20:06:08Z" name="verifyRemoveProductFromCart" finished-at="2024-03-20T20:06:11Z" duration-ms="3025" status="PASS">
          <reporter-output>
          </reporter-output>
        </test-method> <!-- verifyRemoveProductFromCart -->
        <test-method signature="verifyEditAccountInformation()[pri:4, instance:com.qa.opencart.tests.AccountPageTest@7e7be63f]" started-at="2024-03-20T20:06:11Z" name="verifyEditAccountInformation" finished-at="2024-03-20T20:06:16Z" duration-ms="4792" status="PASS">
          <reporter-output>
          </reporter-output>
        </test-method> <!-- verifyEditAccountInformation -->
        <test-method signature="verifyAddNewAddress()[pri:5, instance:com.qa.opencart.tests.AccountPageTest@7e7be63f]" started-at="2024-03-20T20:06:16Z" name="verifyAddNewAddress" finished-at="2024-03-20T20:06:19Z" duration-ms="2865" status="PASS">
          <reporter-output>
          </reporter-output>
        </test-method> <!-- verifyAddNewAddress -->
        <test-method signature="verifyDeleteAddress()[pri:6, instance:com.qa.opencart.tests.AccountPageTest@7e7be63f]" started-at="2024-03-20T20:06:19Z" name="verifyDeleteAddress" finished-at="2024-03-20T20:06:23Z" duration-ms="4276" status="PASS">
          <reporter-output>
          </reporter-output>
        </test-method> <!-- verifyDeleteAddress -->
        <test-method is-config="true" signature="tearDown()[pri:0, instance:com.qa.opencart.tests.AccountPageTest@7e7be63f]" started-at="2024-03-20T20:06:23Z" name="tearDown" finished-at="2024-03-20T20:06:23Z" duration-ms="196" status="PASS">
          <reporter-output>
          </reporter-output>
        </test-method> <!-- tearDown -->
      </class> <!-- com.qa.opencart.tests.AccountPageTest -->
    </test> <!-- Open Cart Account Page Test -->
  </suite> <!-- Open Cart Test Regression -->
</testng-results>
