-------------------------------------------------------------------------------
Test set: TestSuite
-------------------------------------------------------------------------------
Tests run: 3, Failures: 3, Errors: 0, Skipped: 0, Time elapsed: 19.13 sec <<< FAILURE!
homePageTitleTest(com.qa.opencart.tests.HomePageTest)  Time elapsed: 0.029 sec  <<< FAILURE!
java.lang.NullPointerException
	at com.qa.opencart.tests.HomePageTest.homePageTitleTest(HomePageTest.java:12)

homePageURLTest(com.qa.opencart.tests.HomePageTest)  Time elapsed: 0 sec  <<< FAILURE!
java.lang.NullPointerException
	at com.qa.opencart.tests.HomePageTest.homePageURLTest(HomePageTest.java:17)

searchTest(com.qa.opencart.tests.HomePageTest)  Time elapsed: 0 sec  <<< FAILURE!
java.lang.NullPointerException
	at com.qa.opencart.tests.HomePageTest.searchTest(HomePageTest.java:22)

